1631276447020	geckodriver	INFO	geckodriver 0.20.0
1631276447027	geckodriver	INFO	Listening on 127.0.0.1:53285
1631276448090	mozrunner::runner	INFO	Running command: "/Applications/Firefox.app/Contents/MacOS/firefox-bin" "-marionette" "-profile" "/var/folders/7_/h3khxm0n2hd0ckvkcbb3hkrm0000gn/T/rust_mozprofile.r6c9inqC5yBw"
firefox-bin: OpenScripting.framework - scripting addition "/Library/ScriptingAdditions/QXPScriptingAdditions.osax" cannot be used with the current OS because it has no OSAXHandlers entry in its Info.plist.
1631276448700	Marionette	TRACE	Marionette enabled
1631276448793	Marionette	TRACE	Received observer notification toplevel-window-ready
1631276450527	Marionette	TRACE	Received observer notification marionette-startup-requested
1631276450527	Marionette	TRACE	Waiting until startup recorder finished recording startup scripts...
1631276450585	Marionette	TRACE	All scripts recorded.
1631276450585	Marionette	DEBUG	Setting recommended pref app.update.disabledForTesting to true
1631276450585	Marionette	DEBUG	Setting recommended pref browser.contentblocking.introCount to 99
1631276450586	Marionette	DEBUG	Setting recommended pref browser.newtabpage.enabled to false
1631276450587	Marionette	DEBUG	Setting recommended pref browser.tabs.remote.separatePrivilegedContentProcess to false
1631276450587	Marionette	DEBUG	Setting recommended pref browser.tabs.unloadOnLowMemory to false
1631276450587	Marionette	DEBUG	Setting recommended pref datareporting.policy.dataSubmissionPolicyAccepted to false
1631276450587	Marionette	DEBUG	Setting recommended pref dom.disable_beforeunload to true
1631276450587	Marionette	DEBUG	Setting recommended pref dom.push.connection.enabled to false
1631276450588	Marionette	DEBUG	Setting recommended pref extensions.getAddons.discovery.api_url to data:, 
1631276450588	Marionette	DEBUG	Setting recommended pref privacy.trackingprotection.enabled to false
1631276450588	Marionette	DEBUG	Setting recommended pref security.certerrors.mitm.priming.enabled to false
1631276450588	Marionette	DEBUG	Setting recommended pref toolkit.cosmeticAnimations.enabled to false
1631276450636	Marionette	INFO	Listening on port 53305
1631276450637	Marionette	DEBUG	Marionette is listening
1631276450734	Marionette	DEBUG	Accepted connection 0 from 127.0.0.1:53404
1631276450735	Marionette	DEBUG	0 -> [0,1,"newSession",{"acceptInsecureCerts":true,"browserName":"firefox","capabilities":{"desiredCapabilities":{"acceptInsecureCerts":true,"browserName":"firefox"}}}]
1631276450735	Marionette	DEBUG	0 <- [1,1,{"error":"unknown command","message":"newSession","stacktrace":"WebDriverError@chrome://marionette/content/error.js:175: ... t@chrome://marionette/content/server.js:249:9\n_onJSONObjectReady/<@chrome://marionette/content/transport.js:501:20\n"},null]
Exiting due to channel error.
Exiting due to channel error.
Exiting due to channel error.
1631277448833	geckodriver	INFO	geckodriver 0.20.0
1631277448840	geckodriver	INFO	Listening on 127.0.0.1:56654
1631277449903	mozrunner::runner	INFO	Running command: "/Applications/Firefox.app/Contents/MacOS/firefox-bin" "-marionette" "-profile" "/var/folders/7_/h3khxm0n2hd0ckvkcbb3hkrm0000gn/T/rust_mozprofile.raEUQ7ekkFfB"
firefox-bin: OpenScripting.framework - scripting addition "/Library/ScriptingAdditions/QXPScriptingAdditions.osax" cannot be used with the current OS because it has no OSAXHandlers entry in its Info.plist.
1631277450542	Marionette	TRACE	Marionette enabled
1631277450641	Marionette	TRACE	Received observer notification toplevel-window-ready
1631277453719	Marionette	TRACE	Received observer notification marionette-startup-requested
1631277453719	Marionette	TRACE	Waiting until startup recorder finished recording startup scripts...
1631277453732	Marionette	TRACE	All scripts recorded.
1631277453732	Marionette	DEBUG	Setting recommended pref app.update.disabledForTesting to true
1631277453733	Marionette	DEBUG	Setting recommended pref browser.contentblocking.introCount to 99
1631277453733	Marionette	DEBUG	Setting recommended pref browser.newtabpage.enabled to false
1631277453735	Marionette	DEBUG	Setting recommended pref browser.tabs.remote.separatePrivilegedContentProcess to false
1631277453735	Marionette	DEBUG	Setting recommended pref browser.tabs.unloadOnLowMemory to false
1631277453735	Marionette	DEBUG	Setting recommended pref datareporting.policy.dataSubmissionPolicyAccepted to false
1631277453735	Marionette	DEBUG	Setting recommended pref dom.disable_beforeunload to true
1631277453735	Marionette	DEBUG	Setting recommended pref dom.push.connection.enabled to false
1631277453735	Marionette	DEBUG	Setting recommended pref extensions.getAddons.discovery.api_url to data:, 
1631277453736	Marionette	DEBUG	Setting recommended pref privacy.trackingprotection.enabled to false
1631277453736	Marionette	DEBUG	Setting recommended pref security.certerrors.mitm.priming.enabled to false
1631277453736	Marionette	DEBUG	Setting recommended pref toolkit.cosmeticAnimations.enabled to false
1631277453789	Marionette	INFO	Listening on port 56674
1631277453790	Marionette	DEBUG	Marionette is listening
1631277453878	Marionette	DEBUG	Accepted connection 0 from 127.0.0.1:56821
1631277453879	Marionette	DEBUG	0 -> [0,1,"newSession",{"acceptInsecureCerts":true,"browserName":"firefox","capabilities":{"desiredCapabilities":{"acceptInsecureCerts":true,"browserName":"firefox"}}}]
1631277453880	Marionette	DEBUG	0 <- [1,1,{"error":"unknown command","message":"newSession","stacktrace":"WebDriverError@chrome://marionette/content/error.js:175: ... t@chrome://marionette/content/server.js:249:9\n_onJSONObjectReady/<@chrome://marionette/content/transport.js:501:20\n"},null]
Exiting due to channel error.
Exiting due to channel error.
Exiting due to channel error.
1631277460010	geckodriver	INFO	geckodriver 0.20.0
1631277460017	geckodriver	INFO	Listening on 127.0.0.1:56851
1631277461021	mozrunner::runner	INFO	Running command: "/Applications/Firefox.app/Contents/MacOS/firefox-bin" "-marionette" "-profile" "/var/folders/7_/h3khxm0n2hd0ckvkcbb3hkrm0000gn/T/rust_mozprofile.GwmPuLYbMngF"
firefox-bin: OpenScripting.framework - scripting addition "/Library/ScriptingAdditions/QXPScriptingAdditions.osax" cannot be used with the current OS because it has no OSAXHandlers entry in its Info.plist.
1631277461641	Marionette	TRACE	Marionette enabled
1631277461732	Marionette	TRACE	Received observer notification toplevel-window-ready
1631277463530	Marionette	TRACE	Received observer notification marionette-startup-requested
1631277463530	Marionette	TRACE	Waiting until startup recorder finished recording startup scripts...
1631277463571	Marionette	TRACE	All scripts recorded.
1631277463572	Marionette	DEBUG	Setting recommended pref app.update.disabledForTesting to true
1631277463572	Marionette	DEBUG	Setting recommended pref browser.contentblocking.introCount to 99
1631277463572	Marionette	DEBUG	Setting recommended pref browser.newtabpage.enabled to false
1631277463573	Marionette	DEBUG	Setting recommended pref browser.tabs.remote.separatePrivilegedContentProcess to false
1631277463573	Marionette	DEBUG	Setting recommended pref browser.tabs.unloadOnLowMemory to false
1631277463573	Marionette	DEBUG	Setting recommended pref datareporting.policy.dataSubmissionPolicyAccepted to false
1631277463574	Marionette	DEBUG	Setting recommended pref dom.disable_beforeunload to true
1631277463574	Marionette	DEBUG	Setting recommended pref dom.push.connection.enabled to false
1631277463574	Marionette	DEBUG	Setting recommended pref extensions.getAddons.discovery.api_url to data:, 
1631277463574	Marionette	DEBUG	Setting recommended pref privacy.trackingprotection.enabled to false
1631277463574	Marionette	DEBUG	Setting recommended pref security.certerrors.mitm.priming.enabled to false
1631277463575	Marionette	DEBUG	Setting recommended pref toolkit.cosmeticAnimations.enabled to false
1631277463630	Marionette	INFO	Listening on port 56871
1631277463630	Marionette	DEBUG	Marionette is listening
1631277463678	Marionette	DEBUG	Accepted connection 0 from 127.0.0.1:56979
1631277463683	Marionette	DEBUG	0 -> [0,1,"newSession",{"acceptInsecureCerts":true,"browserName":"firefox","capabilities":{"desiredCapabilities":{"acceptInsecureCerts":true,"browserName":"firefox"}}}]
1631277463684	Marionette	DEBUG	0 <- [1,1,{"error":"unknown command","message":"newSession","stacktrace":"WebDriverError@chrome://marionette/content/error.js:175: ... t@chrome://marionette/content/server.js:249:9\n_onJSONObjectReady/<@chrome://marionette/content/transport.js:501:20\n"},null]
Exiting due to channel error.
Exiting due to channel error.
Exiting due to channel error.
